nohup: ignoring input
05/12/2025 20:43:14 passing arg to libvncserver: -rfbport
05/12/2025 20:43:14 passing arg to libvncserver: 5900
05/12/2025 20:43:14 x11vnc version: 0.9.16 lastmod: 2019-01-05  pid: 13578
05/12/2025 20:43:14 Using X display :1
05/12/2025 20:43:14 rootwin: 0x21f reswin: 0xe00001 dpy: 0x13770390
05/12/2025 20:43:14 
05/12/2025 20:43:14 ------------------ USEFUL INFORMATION ------------------
05/12/2025 20:43:14 X DAMAGE available on display, using it for polling hints.
05/12/2025 20:43:14   To disable this behavior use: '-noxdamage'
05/12/2025 20:43:14 
05/12/2025 20:43:14   Most compositing window managers like 'compiz' or 'beryl'
05/12/2025 20:43:14   cause X DAMAGE to fail, and so you may not see any screen
05/12/2025 20:43:14   updates via VNC.  Either disable 'compiz' (recommended) or
05/12/2025 20:43:14   supply the x11vnc '-noxdamage' command line option.
05/12/2025 20:43:14 
05/12/2025 20:43:14 Wireframing: -wireframe mode is in effect for window moves.
05/12/2025 20:43:14   If this yields undesired behavior (poor response, painting
05/12/2025 20:43:14   errors, etc) it may be disabled:
05/12/2025 20:43:14    - use '-nowf' to disable wireframing completely.
05/12/2025 20:43:14    - use '-nowcr' to disable the Copy Rectangle after the
05/12/2025 20:43:14      moved window is released in the new position.
05/12/2025 20:43:14   Also see the -help entry for tuning parameters.
05/12/2025 20:43:14   You can press 3 Alt_L's (Left "Alt" key) in a row to 
05/12/2025 20:43:14   repaint the screen, also see the -fixscreen option for
05/12/2025 20:43:14   periodic repaints.
05/12/2025 20:43:14 
05/12/2025 20:43:14 XFIXES available on display, resetting cursor mode
05/12/2025 20:43:14   to: '-cursor most'.
05/12/2025 20:43:14   to disable this behavior use: '-cursor arrow'
05/12/2025 20:43:14   or '-noxfixes'.
05/12/2025 20:43:14 using XFIXES for cursor drawing.
05/12/2025 20:43:14 GrabServer control via XTEST.
05/12/2025 20:43:14 
05/12/2025 20:43:14 Scroll Detection: -scrollcopyrect mode is in effect to
05/12/2025 20:43:14   use RECORD extension to try to detect scrolling windows
05/12/2025 20:43:14   (induced by either user keystroke or mouse input).
05/12/2025 20:43:14   If this yields undesired behavior (poor response, painting
05/12/2025 20:43:14   errors, etc) it may be disabled via: '-noscr'
05/12/2025 20:43:14   Also see the -help entry for tuning parameters.
05/12/2025 20:43:14   You can press 3 Alt_L's (Left "Alt" key) in a row to 
05/12/2025 20:43:14   repaint the screen, also see the -fixscreen option for
05/12/2025 20:43:14   periodic repaints.
05/12/2025 20:43:14 
05/12/2025 20:43:14 XKEYBOARD: number of keysyms per keycode 7 is greater
05/12/2025 20:43:14   than 4 and 51 keysyms are mapped above 4.
05/12/2025 20:43:14   Automatically switching to -xkb mode.
05/12/2025 20:43:14   If this makes the key mapping worse you can
05/12/2025 20:43:14   disable it with the "-noxkb" option.
05/12/2025 20:43:14   Also, remember "-remap DEAD" for accenting characters.
05/12/2025 20:43:14 
05/12/2025 20:43:14 X FBPM extension not supported.
Xlib:  extension "DPMS" missing on display ":1".
05/12/2025 20:43:14 X display is not capable of DPMS.
05/12/2025 20:43:14 --------------------------------------------------------
05/12/2025 20:43:14 
05/12/2025 20:43:14 Default visual ID: 0x21
05/12/2025 20:43:14 Read initial data from X display into framebuffer.
05/12/2025 20:43:14 initialize_screen: fb_depth/fb_bpp/fb_Bpl 24/32/2560
05/12/2025 20:43:14 
05/12/2025 20:43:14 X display :1 is 32bpp depth=24 true color
05/12/2025 20:43:14 
05/12/2025 20:43:14 ListenOnTCPPort: Address already in use
05/12/2025 20:43:14 listen6: bind: Address already in use
05/12/2025 20:43:14 Not listening on IPv6 interface.
05/12/2025 20:43:14 
05/12/2025 20:43:14 Xinerama is present and active (e.g. multi-head).
05/12/2025 20:43:14 Xinerama: number of sub-screens: 1
05/12/2025 20:43:14 Xinerama: no blackouts needed (only one sub-screen)
05/12/2025 20:43:14 
05/12/2025 20:43:14 fb read rate: 1046 MB/sec
05/12/2025 20:43:14 fast read: reset -wait  ms to: 10
05/12/2025 20:43:14 fast read: reset -defer ms to: 10
05/12/2025 20:43:14 The X server says there are 10 mouse buttons.
05/12/2025 20:43:14 Error: could not obtain listening port.
05/12/2025 20:43:14 deleted 20 tile_row polling images.
